[0KRunning with gitlab-runner 11.4.2 (cf91d5e1)
[0;m[0K  on 3eefacdd4854 0ea6efd6
[0;m[0KUsing Docker executor with image docker ...
[0;m[0KPulling docker image docker ...
[0;m[0KUsing docker image sha256:062267097b77e3ecf374b437e93fefe2bbb2897da989f930e4750752ddfc822a for docker ...
[0;msection_start:1542041573:prepare_script[0KRunning on runner-0ea6efd6-project-1-concurrent-0 via 3eefacdd4854...
section_end:1542041576:prepare_script[0Ksection_start:1542041576:get_sources[0K[32;1mFetching changes...[0;m
HEAD is now at 304eb21 added dgoss tests for backend
From http://gitlab/root/my-awesome-web-app
   304eb21..cc9a8d1  master     -> origin/master
[32;1mChecking out cc9a8d12 as master...[0;m
[32;1mSkipping Git submodules setup[0;m
section_end:1542041585:get_sources[0Ksection_start:1542041585:restore_cache[0Ksection_end:1542041587:restore_cache[0Ksection_start:1542041587:download_artifacts[0Ksection_end:1542041588:download_artifacts[0Ksection_start:1542041588:build_script[0K[32;1m$ cd backend[0;m
[32;1m$ docker login -u $DOCKER_USER -p $DOCKER_PASS[0;m
WARNING! Using --password via the CLI is insecure. Use --password-stdin.
WARNING! Your password will be stored unencrypted in /root/.docker/config.json.
Configure a credential helper to remove this warning. See
https://docs.docker.com/engine/reference/commandline/login/#credentials-store

Login Succeeded
[32;1m$ docker build --pull -t $CONTAINER_BACKEND_IMAGE:$CI_COMMIT_SHA -t $CONTAINER_BACKEND_IMAGE:latest .[0;m
Sending build context to Docker daemon  7.168kB
Step 1/9 : FROM ubuntu:latest
latest: Pulling from library/ubuntu
Digest: sha256:29934af957c53004d7fb6340139880d23fb1952505a15d69a03af0d1418878cb
Status: Image is up to date for ubuntu:latest
 ---> ea4c82dcd15a
Step 2/9 : RUN apt-get update -y
 ---> Using cache
 ---> 9a1fbdbf902d
Step 3/9 : RUN apt-get install -y python-pip python-dev build-essential
 ---> Using cache
 ---> 9eb1cbea6bde
Step 4/9 : COPY . /api
 ---> 702b84f34ca0
Step 5/9 : WORKDIR /api
 ---> Running in 6dbbadb3255b
Removing intermediate container 6dbbadb3255b
 ---> 913ec2e33cc1
Step 6/9 : RUN pip install -r requirements.txt
 ---> Running in f1a23ce1b2f9
Collecting Flask==0.10.1 (from -r requirements.txt (line 1))
  Downloading https://files.pythonhosted.org/packages/db/9c/149ba60c47d107f85fe52564133348458f093dd5e6b57a5b60ab9ac517bb/Flask-0.10.1.tar.gz (544kB)
Collecting requests==2.9.1 (from -r requirements.txt (line 2))
  Downloading https://files.pythonhosted.org/packages/b8/f7/3bb4d18c234a8ce7044d5ee2e1082b7d72bf6c550afb8d51ae266dea56f1/requests-2.9.1-py2.py3-none-any.whl (501kB)
Collecting Jinja2>=2.4 (from Flask==0.10.1->-r requirements.txt (line 1))
  Downloading https://files.pythonhosted.org/packages/7f/ff/ae64bacdfc95f27a016a7bed8e8686763ba4d277a78ca76f32659220a731/Jinja2-2.10-py2.py3-none-any.whl (126kB)
Collecting Werkzeug>=0.7 (from Flask==0.10.1->-r requirements.txt (line 1))
  Downloading https://files.pythonhosted.org/packages/20/c4/12e3e56473e52375aa29c4764e70d1b8f3efa6682bef8d0aae04fe335243/Werkzeug-0.14.1-py2.py3-none-any.whl (322kB)
Collecting itsdangerous>=0.21 (from Flask==0.10.1->-r requirements.txt (line 1))
  Downloading https://files.pythonhosted.org/packages/76/ae/44b03b253d6fade317f32c24d100b3b35c2239807046a4c953c7b89fa49e/itsdangerous-1.1.0-py2.py3-none-any.whl
Collecting MarkupSafe>=0.23 (from Jinja2>=2.4->Flask==0.10.1->-r requirements.txt (line 1))
  Downloading https://files.pythonhosted.org/packages/bc/3a/6bfd7b4b202fa33bdda8e4e3d3acc719f381fd730f9a0e7c5f34e845bd4d/MarkupSafe-1.1.0-cp27-cp27mu-manylinux1_x86_64.whl
Building wheels for collected packages: Flask
  Running setup.py bdist_wheel for Flask: started
  Running setup.py bdist_wheel for Flask: finished with status 'done'
  Stored in directory: /root/.cache/pip/wheels/e1/f2/be/1c4f307a41aad7e632f79c0242a2714ecde24b663da3519665
Successfully built Flask
Installing collected packages: MarkupSafe, Jinja2, Werkzeug, itsdangerous, Flask, requests
Successfully installed Flask-0.10.1 Jinja2-2.10 MarkupSafe-1.1.0 Werkzeug-0.14.1 itsdangerous-1.1.0 requests-2.9.1
Removing intermediate container f1a23ce1b2f9
 ---> f0651343af3c
Step 7/9 : EXPOSE 8110
 ---> Running in bbf244e03b92
Removing intermediate container bbf244e03b92
 ---> 2a5badf1710c
Step 8/9 : ENTRYPOINT ["python"]
 ---> Running in dd0c0730ed99
Removing intermediate container dd0c0730ed99
 ---> 6dbe0453acb1
Step 9/9 : CMD ["api.py"]
 ---> Running in bd62bb78ea93
Removing intermediate container bd62bb78ea93
 ---> 6467facec369
Successfully built 6467facec369
Successfully tagged gcarvalho/backend:cc9a8d1250decf3d663d44da53f01569b1818d72
Successfully tagged gcarvalho/backend:latest
[32;1m$ docker push $CONTAINER_BACKEND_IMAGE[0;m
The push refers to repository [docker.io/gcarvalho/backend]
cfe6a7719123: Preparing
fa1e74549909: Preparing
f7183f8d6da6: Preparing
496257103876: Preparing
76c033092e10: Preparing
2146d867acf3: Preparing
ae1f631f14b7: Preparing
102645f1cf72: Preparing
496257103876: Waiting
76c033092e10: Waiting
2146d867acf3: Waiting
ae1f631f14b7: Waiting
102645f1cf72: Waiting
496257103876: Layer already exists
f7183f8d6da6: Layer already exists
76c033092e10: Layer already exists
fa1e74549909: Layer already exists
cfe6a7719123: Layer already exists
2146d867acf3: Layer already exists
102645f1cf72: Layer already exists
ae1f631f14b7: Mounted from gcarvalho/frontend
0671fb6cb1691fb1b29c074d6a54ce66273cfa46: digest: sha256:da39ace29c29aa0e89c0c7d38c7d4ad69112755b797b4dcd25f24b9c2e70ae64 size: 1994
d391953e2b2b: Preparing
329cf3dd51cf: Preparing
f7183f8d6da6: Preparing
496257103876: Preparing
76c033092e10: Preparing
2146d867acf3: Preparing
ae1f631f14b7: Preparing
102645f1cf72: Preparing
76c033092e10: Waiting
496257103876: Waiting
ae1f631f14b7: Waiting
102645f1cf72: Waiting
2146d867acf3: Waiting
76c033092e10: Layer already exists
496257103876: Layer already exists
f7183f8d6da6: Layer already exists
ae1f631f14b7: Layer already exists
2146d867acf3: Layer already exists
102645f1cf72: Layer already exists
329cf3dd51cf: Layer already exists
d391953e2b2b: Layer already exists
070e3ed376775c3100c956e51ad6fafbac11e220: digest: sha256:398ed51ca82e5913d5dc3913936b636a21eaaec0bec467b75d666a280012a4a4 size: 8709
222bc316ace8: Preparing
52076ece3ba8: Preparing
f7183f8d6da6: Preparing
496257103876: Preparing
76c033092e10: Preparing
2146d867acf3: Preparing
ae1f631f14b7: Preparing
102645f1cf72: Preparing
ae1f631f14b7: Waiting
496257103876: Layer already exists
76c033092e10: Layer already exists
2146d867acf3: Waiting
102645f1cf72: Waiting
2146d867acf3: Layer already exists
ae1f631f14b7: Layer already exists
102645f1cf72: Layer already exists
f7183f8d6da6: Layer already exists
222bc316ace8: Layer already exists
52076ece3ba8: Layer already exists
12670f7d8b19f663deb2cb178741883c6f52a334: digest: sha256:7d40c3a4855228493d8e55cdcb7374a7cee8e3980d71448ac475043e1c0c2b57 size: 1994
8d0f9d99b26c: Preparing
e894a28e9fa4: Preparing
f7183f8d6da6: Preparing
496257103876: Preparing
76c033092e10: Preparing
2146d867acf3: Preparing
ae1f631f14b7: Preparing
102645f1cf72: Preparing
2146d867acf3: Waiting
ae1f631f14b7: Waiting
102645f1cf72: Waiting
2146d867acf3: Layer already exists
ae1f631f14b7: Layer already exists
102645f1cf72: Layer already exists
496257103876: Layer already exists
76c033092e10: Layer already exists
f7183f8d6da6: Layer already exists
e894a28e9fa4: Layer already exists
8d0f9d99b26c: Layer already exists
255d5ae4939fc1ad5a40e33d67cea305d70d00fc: digest: sha256:27a64f6b606ddf1c43383aa7e1c7395370c5ce810a5877608ebbda453c04cf4d size: 1994
b8fbebb53b2d: Preparing
d3130631b59c: Preparing
f7183f8d6da6: Preparing
496257103876: Preparing
76c033092e10: Preparing
2146d867acf3: Preparing
ae1f631f14b7: Preparing
102645f1cf72: Preparing
76c033092e10: Layer already exists
ae1f631f14b7: Waiting
102645f1cf72: Waiting
2146d867acf3: Waiting
f7183f8d6da6: Layer already exists
ae1f631f14b7: Layer already exists
102645f1cf72: Layer already exists
2146d867acf3: Layer already exists
496257103876: Layer already exists
b8fbebb53b2d: Layer already exists
d3130631b59c: Layer already exists
2837f3733b4a916038a9840544745bb994a1d6b7: digest: sha256:45a7373c4d662cc632a00a4e947ec0b64e5f8c41cd57ee1ec2d37a8ce93c4cb3 size: 1994
02d85ded7627: Preparing
ba5e30a2cd87: Preparing
f7183f8d6da6: Preparing
496257103876: Preparing
76c033092e10: Preparing
2146d867acf3: Preparing
ae1f631f14b7: Preparing
102645f1cf72: Preparing
76c033092e10: Layer already exists
2146d867acf3: Waiting
ae1f631f14b7: Waiting
f7183f8d6da6: Layer already exists
496257103876: Layer already exists
102645f1cf72: Waiting
2146d867acf3: Layer already exists
102645f1cf72: Layer already exists
ae1f631f14b7: Layer already exists
ba5e30a2cd87: Layer already exists
02d85ded7627: Layer already exists
290616b7f613e3dcd7e3eb8a14378ca313e8ff06: digest: sha256:5e895d57725d32bd2937f2091df283b09a7a5b952c798855ddc3bd2fb479146d size: 1994
cfe6a7719123: Preparing
fa1e74549909: Preparing
f7183f8d6da6: Preparing
496257103876: Preparing
76c033092e10: Preparing
2146d867acf3: Preparing
ae1f631f14b7: Preparing
102645f1cf72: Preparing
f7183f8d6da6: Layer already exists
496257103876: Layer already exists
76c033092e10: Layer already exists
2146d867acf3: Waiting
ae1f631f14b7: Waiting
ae1f631f14b7: Layer already exists
2146d867acf3: Layer already exists
102645f1cf72: Layer already exists
cfe6a7719123: Layer already exists
fa1e74549909: Layer already exists
33223f256be625f69c76a5452a109088df671788: digest: sha256:da39ace29c29aa0e89c0c7d38c7d4ad69112755b797b4dcd25f24b9c2e70ae64 size: 1994
cfe6a7719123: Preparing
fa1e74549909: Preparing
f7183f8d6da6: Preparing
496257103876: Preparing
76c033092e10: Preparing
cfe6a7719123: Layer already exists
fa1e74549909: Layer already exists
f7183f8d6da6: Layer already exists
496257103876: Layer already exists
2146d867acf3: Preparing
ae1f631f14b7: Preparing
76c033092e10: Layer already exists
102645f1cf72: Preparing
2146d867acf3: Layer already exists
ae1f631f14b7: Layer already exists
102645f1cf72: Layer already exists
372300b7cfe6a4188cdcef4d1470bfca5f9ae8ce: digest: sha256:da39ace29c29aa0e89c0c7d38c7d4ad69112755b797b4dcd25f24b9c2e70ae64 size: 1994
5420ede01e7b: Preparing
cd33fc1ed95b: Preparing
f7183f8d6da6: Preparing
496257103876: Preparing
76c033092e10: Preparing
2146d867acf3: Preparing
ae1f631f14b7: Preparing
102645f1cf72: Preparing
76c033092e10: Layer already exists
2146d867acf3: Waiting
ae1f631f14b7: Waiting
102645f1cf72: Waiting
2146d867acf3: Layer already exists
ae1f631f14b7: Layer already exists
102645f1cf72: Layer already exists
f7183f8d6da6: Layer already exists
496257103876: Layer already exists
cd33fc1ed95b: Layer already exists
5420ede01e7b: Layer already exists
3d2b2d6d1f5d4b24834d8d732dc9cb34f2781162: digest: sha256:2ebab66f82b36e736850caaf2f3a2be78fdf14a1632047839a3176747da8252f size: 1994
d391953e2b2b: Preparing
329cf3dd51cf: Preparing
f7183f8d6da6: Preparing
496257103876: Preparing
76c033092e10: Preparing
2146d867acf3: Preparing
ae1f631f14b7: Preparing
102645f1cf72: Preparing
d391953e2b2b: Layer already exists
329cf3dd51cf: Layer already exists
76c033092e10: Layer already exists
2146d867acf3: Waiting
ae1f631f14b7: Waiting
496257103876: Layer already exists
f7183f8d6da6: Layer already exists
2146d867acf3: Layer already exists
ae1f631f14b7: Layer already exists
102645f1cf72: Layer already exists
430de3078b7680306edbac3352c9599a15b577de: digest: sha256:4c90daadff35aeddd302fb1eb5fd79f527a1d36fa23c70f6a61f91dc3bc3a2b7 size: 1994
5420ede01e7b: Preparing
cd33fc1ed95b: Preparing
f7183f8d6da6: Preparing
496257103876: Preparing
76c033092e10: Preparing
2146d867acf3: Preparing
ae1f631f14b7: Preparing
102645f1cf72: Preparing
5420ede01e7b: Layer already exists
f7183f8d6da6: Layer already exists
496257103876: Layer already exists
ae1f631f14b7: Waiting
76c033092e10: Layer already exists
102645f1cf72: Waiting
2146d867acf3: Layer already exists
ae1f631f14b7: Layer already exists
102645f1cf72: Layer already exists
cd33fc1ed95b: Layer already exists
4d6a641c9c4898c813aa545fedda9f077077420b: digest: sha256:2ebab66f82b36e736850caaf2f3a2be78fdf14a1632047839a3176747da8252f size: 1994
02d85ded7627: Preparing
ba5e30a2cd87: Preparing
f7183f8d6da6: Preparing
496257103876: Preparing
76c033092e10: Preparing
2146d867acf3: Preparing
ae1f631f14b7: Preparing
102645f1cf72: Preparing
496257103876: Layer already exists
76c033092e10: Layer already exists
2146d867acf3: Waiting
ae1f631f14b7: Waiting
102645f1cf72: Waiting
02d85ded7627: Layer already exists
ba5e30a2cd87: Layer already exists
2146d867acf3: Layer already exists
ae1f631f14b7: Layer already exists
f7183f8d6da6: Layer already exists
102645f1cf72: Layer already exists
5c20a3fa5404ddc90d5894b6b65cce5b9acd6972: digest: sha256:5e895d57725d32bd2937f2091df283b09a7a5b952c798855ddc3bd2fb479146d size: 1994
dac2caf822db: Preparing
65c66ca0a9a8: Preparing
f7183f8d6da6: Preparing
496257103876: Preparing
76c033092e10: Preparing
2146d867acf3: Preparing
ae1f631f14b7: Preparing
102645f1cf72: Preparing
ae1f631f14b7: Waiting
76c033092e10: Layer already exists
102645f1cf72: Waiting
2146d867acf3: Layer already exists
ae1f631f14b7: Layer already exists
102645f1cf72: Layer already exists
f7183f8d6da6: Layer already exists
496257103876: Layer already exists
65c66ca0a9a8: Layer already exists
dac2caf822db: Layer already exists
5e80dbec74539c041946ef01bd5c3339e0e8bc29: digest: sha256:02acc029de30d9a8a18b34b99a5b90b0cafd30c2e87897cc2fbb9bce63555d02 size: 1994
cfe6a7719123: Preparing
fa1e74549909: Preparing
f7183f8d6da6: Preparing
496257103876: Preparing
76c033092e10: Preparing
2146d867acf3: Preparing
ae1f631f14b7: Preparing
102645f1cf72: Preparing
496257103876: Layer already exists
cfe6a7719123: Layer already exists
76c033092e10: Layer already exists
fa1e74549909: Layer already exists
2146d867acf3: Waiting
ae1f631f14b7: Waiting
102645f1cf72: Waiting
ae1f631f14b7: Layer already exists
102645f1cf72: Layer already exists
2146d867acf3: Layer already exists
f7183f8d6da6: Layer already exists
5f4d5b0103528e4c0a79c92f6c6c939d7aa741e5: digest: sha256:da39ace29c29aa0e89c0c7d38c7d4ad69112755b797b4dcd25f24b9c2e70ae64 size: 1994
cfe6a7719123: Preparing
fa1e74549909: Preparing
f7183f8d6da6: Preparing
496257103876: Preparing
76c033092e10: Preparing
2146d867acf3: Preparing
ae1f631f14b7: Preparing
102645f1cf72: Preparing
cfe6a7719123: Layer already exists
fa1e74549909: Layer already exists
76c033092e10: Waiting
f7183f8d6da6: Layer already exists
ae1f631f14b7: Waiting
496257103876: Waiting
102645f1cf72: Waiting
496257103876: Layer already exists
2146d867acf3: Waiting
ae1f631f14b7: Layer already exists
102645f1cf72: Layer already exists
2146d867acf3: Layer already exists
76c033092e10: Layer already exists
6034add2f2b452f711450fd723dc8b01e1fbf9f4: digest: sha256:da39ace29c29aa0e89c0c7d38c7d4ad69112755b797b4dcd25f24b9c2e70ae64 size: 1994
cfe6a7719123: Preparing
fa1e74549909: Preparing
f7183f8d6da6: Preparing
496257103876: Preparing
76c033092e10: Preparing
2146d867acf3: Preparing
ae1f631f14b7: Preparing
102645f1cf72: Preparing
cfe6a7719123: Layer already exists
496257103876: Layer already exists
76c033092e10: Layer already exists
2146d867acf3: Waiting
ae1f631f14b7: Waiting
fa1e74549909: Layer already exists
f7183f8d6da6: Layer already exists
2146d867acf3: Layer already exists
ae1f631f14b7: Layer already exists
102645f1cf72: Layer already exists
618df43095a54d2bf546d5dc284f3e93b3c23766: digest: sha256:da39ace29c29aa0e89c0c7d38c7d4ad69112755b797b4dcd25f24b9c2e70ae64 size: 1994
d391953e2b2b: Preparing
329cf3dd51cf: Preparing
f7183f8d6da6: Preparing
496257103876: Preparing
76c033092e10: Preparing
2146d867acf3: Preparing
ae1f631f14b7: Preparing
102645f1cf72: Preparing
d391953e2b2b: Layer already exists
76c033092e10: Layer already exists
496257103876: Layer already exists
2146d867acf3: Waiting
329cf3dd51cf: Layer already exists
ae1f631f14b7: Waiting
102645f1cf72: Waiting
102645f1cf72: Layer already exists
f7183f8d6da6: Layer already exists
2146d867acf3: Layer already exists
ae1f631f14b7: Layer already exists
637d3f37034f528e674dec8af7df5b4f459f083e: digest: sha256:4c90daadff35aeddd302fb1eb5fd79f527a1d36fa23c70f6a61f91dc3bc3a2b7 size: 1994
cfe6a7719123: Preparing
fa1e74549909: Preparing
f7183f8d6da6: Preparing
496257103876: Preparing
76c033092e10: Preparing
2146d867acf3: Preparing
ae1f631f14b7: Preparing
102645f1cf72: Preparing
f7183f8d6da6: Layer already exists
496257103876: Layer already exists
76c033092e10: Layer already exists
2146d867acf3: Waiting
ae1f631f14b7: Waiting
cfe6a7719123: Layer already exists
fa1e74549909: Layer already exists
102645f1cf72: Waiting
2146d867acf3: Layer already exists
102645f1cf72: Layer already exists
ae1f631f14b7: Layer already exists
6909211156df0336cd8512f0af9a06fd47efcd54: digest: sha256:da39ace29c29aa0e89c0c7d38c7d4ad69112755b797b4dcd25f24b9c2e70ae64 size: 1994
b8fbebb53b2d: Preparing
d3130631b59c: Preparing
f7183f8d6da6: Preparing
496257103876: Preparing
76c033092e10: Preparing
2146d867acf3: Preparing
ae1f631f14b7: Preparing
102645f1cf72: Preparing
496257103876: Layer already exists
76c033092e10: Layer already exists
102645f1cf72: Waiting
102645f1cf72: Layer already exists
2146d867acf3: Layer already exists
ae1f631f14b7: Layer already exists
d3130631b59c: Layer already exists
f7183f8d6da6: Layer already exists
b8fbebb53b2d: Layer already exists
6db6e34f6d95025b09cad5565c23c65e0613ad21: digest: sha256:45a7373c4d662cc632a00a4e947ec0b64e5f8c41cd57ee1ec2d37a8ce93c4cb3 size: 1994
dc5fac862e96: Preparing
ad9c803a7fc4: Preparing
f7183f8d6da6: Preparing
496257103876: Preparing
76c033092e10: Preparing
2146d867acf3: Preparing
ae1f631f14b7: Preparing
102645f1cf72: Preparing
f7183f8d6da6: Layer already exists
496257103876: Waiting
ae1f631f14b7: Waiting
76c033092e10: Waiting
2146d867acf3: Waiting
102645f1cf72: Waiting
496257103876: Layer already exists
76c033092e10: Layer already exists
2146d867acf3: Layer already exists
ae1f631f14b7: Layer already exists
102645f1cf72: Layer already exists
dc5fac862e96: Layer already exists
ad9c803a7fc4: Layer already exists
78739b601f6279db6c10911f363889736acc0619: digest: sha256:2a0aad7cc948f39b09c73ef173c2f6e39e626b4323358c03872f36f66356c3af size: 1994
d391953e2b2b: Preparing
329cf3dd51cf: Preparing
f7183f8d6da6: Preparing
d391953e2b2b: Layer already exists
329cf3dd51cf: Layer already exists
496257103876: Preparing
76c033092e10: Preparing
2146d867acf3: Preparing
ae1f631f14b7: Preparing
102645f1cf72: Preparing
f7183f8d6da6: Layer already exists
496257103876: Layer already exists
76c033092e10: Layer already exists
ae1f631f14b7: Waiting
102645f1cf72: Waiting
2146d867acf3: Waiting
2146d867acf3: Layer already exists
102645f1cf72: Layer already exists
ae1f631f14b7: Layer already exists
7ee5c983a9f35647d513cb690ccb5d8628cf4653: digest: sha256:4c90daadff35aeddd302fb1eb5fd79f527a1d36fa23c70f6a61f91dc3bc3a2b7 size: 1994
dc5fac862e96: Preparing
ad9c803a7fc4: Preparing
f7183f8d6da6: Preparing
496257103876: Preparing
76c033092e10: Preparing
2146d867acf3: Preparing
ae1f631f14b7: Preparing
102645f1cf72: Preparing
dc5fac862e96: Layer already exists
ad9c803a7fc4: Layer already exists
f7183f8d6da6: Layer already exists
ae1f631f14b7: Waiting
102645f1cf72: Waiting
496257103876: Layer already exists
ae1f631f14b7: Layer already exists
76c033092e10: Layer already exists
102645f1cf72: Layer already exists
2146d867acf3: Waiting
2146d867acf3: Layer already exists
9119a31de76e009f4d3e397450a2433c336ed592: digest: sha256:2a0aad7cc948f39b09c73ef173c2f6e39e626b4323358c03872f36f66356c3af size: 1994
5bfd58567104: Preparing
e251cc848036: Preparing
f7183f8d6da6: Preparing
496257103876: Preparing
76c033092e10: Preparing
2146d867acf3: Preparing
ae1f631f14b7: Preparing
102645f1cf72: Preparing
496257103876: Layer already exists
76c033092e10: Waiting
f7183f8d6da6: Layer already exists
2146d867acf3: Waiting
102645f1cf72: Waiting
ae1f631f14b7: Waiting
76c033092e10: Layer already exists
102645f1cf72: Layer already exists
2146d867acf3: Layer already exists
ae1f631f14b7: Layer already exists
5bfd58567104: Layer already exists
e251cc848036: Layer already exists
94afd9694174077588c6f2c62da5c7e894596a73: digest: sha256:f62442d3cdc648064973e7156463d32d942d5b07a829f5a227792db92bec531d size: 1994
d391953e2b2b: Preparing
329cf3dd51cf: Preparing
f7183f8d6da6: Preparing
496257103876: Preparing
76c033092e10: Preparing
2146d867acf3: Preparing
ae1f631f14b7: Preparing
102645f1cf72: Preparing
329cf3dd51cf: Layer already exists
f7183f8d6da6: Layer already exists
496257103876: Layer already exists
ae1f631f14b7: Waiting
76c033092e10: Waiting
2146d867acf3: Waiting
102645f1cf72: Waiting
2146d867acf3: Layer already exists
d391953e2b2b: Layer already exists
ae1f631f14b7: Layer already exists
102645f1cf72: Layer already exists
76c033092e10: Layer already exists
9528604aefee47484fa24f50e1bd7df203241b0f: digest: sha256:4c90daadff35aeddd302fb1eb5fd79f527a1d36fa23c70f6a61f91dc3bc3a2b7 size: 1994
9613c1af7a9e: Preparing
cdc9491629f0: Preparing
f7183f8d6da6: Preparing
496257103876: Preparing
76c033092e10: Preparing
2146d867acf3: Preparing
ae1f631f14b7: Preparing
102645f1cf72: Preparing
2146d867acf3: Waiting
76c033092e10: Waiting
ae1f631f14b7: Waiting
102645f1cf72: Waiting
f7183f8d6da6: Layer already exists
496257103876: Layer already exists
2146d867acf3: Layer already exists
ae1f631f14b7: Layer already exists
76c033092e10: Layer already exists
102645f1cf72: Layer already exists
cdc9491629f0: Layer already exists
9613c1af7a9e: Layer already exists
963db53f19ddcd064f4fcc0dc2a36269225ee4cb: digest: sha256:f969fee025ee0dcd2bcb91904fd697d5043bf6f9ac65540d36067ec79ca86704 size: 1994
8422b4d34bff: Preparing
77a3b0237733: Preparing
f7183f8d6da6: Preparing
496257103876: Preparing
76c033092e10: Preparing
2146d867acf3: Preparing
ae1f631f14b7: Preparing
102645f1cf72: Preparing
496257103876: Layer already exists
76c033092e10: Waiting
2146d867acf3: Waiting
f7183f8d6da6: Layer already exists
102645f1cf72: Waiting
76c033092e10: Layer already exists
2146d867acf3: Layer already exists
102645f1cf72: Layer already exists
ae1f631f14b7: Waiting
ae1f631f14b7: Layer already exists
77a3b0237733: Layer already exists
8422b4d34bff: Layer already exists
98ba10a2b47bdc16c1d87ce1c8bf155964e28d08: digest: sha256:4faa991cf1c7fd506b74902edecbcf129016bc3543f3242663141ac0d0da6baa size: 1994
dc5fac862e96: Preparing
ad9c803a7fc4: Preparing
f7183f8d6da6: Preparing
496257103876: Preparing
76c033092e10: Preparing
2146d867acf3: Preparing
ae1f631f14b7: Preparing
102645f1cf72: Preparing
dc5fac862e96: Layer already exists
76c033092e10: Layer already exists
2146d867acf3: Waiting
ae1f631f14b7: Waiting
102645f1cf72: Waiting
ad9c803a7fc4: Layer already exists
f7183f8d6da6: Layer already exists
496257103876: Layer already exists
2146d867acf3: Layer already exists
ae1f631f14b7: Layer already exists
102645f1cf72: Layer already exists
a0b7cceefabe0c986c7356b18dc3a6246e31b66c: digest: sha256:2a0aad7cc948f39b09c73ef173c2f6e39e626b4323358c03872f36f66356c3af size: 1994
cfe6a7719123: Preparing
fa1e74549909: Preparing
f7183f8d6da6: Preparing
496257103876: Preparing
76c033092e10: Preparing
2146d867acf3: Preparing
ae1f631f14b7: Preparing
102645f1cf72: Preparing
fa1e74549909: Layer already exists
f7183f8d6da6: Layer already exists
ae1f631f14b7: Waiting
cfe6a7719123: Layer already exists
496257103876: Layer already exists
102645f1cf72: Waiting
102645f1cf72: Layer already exists
76c033092e10: Layer already exists
ae1f631f14b7: Layer already exists
2146d867acf3: Layer already exists
b44e698b77ca116d5c535d9b28c04f301bb70128: digest: sha256:da39ace29c29aa0e89c0c7d38c7d4ad69112755b797b4dcd25f24b9c2e70ae64 size: 1994
b8fbebb53b2d: Preparing
d3130631b59c: Preparing
f7183f8d6da6: Preparing
496257103876: Preparing
76c033092e10: Preparing
2146d867acf3: Preparing
ae1f631f14b7: Preparing
102645f1cf72: Preparing
ae1f631f14b7: Waiting
2146d867acf3: Waiting
102645f1cf72: Waiting
d3130631b59c: Layer already exists
2146d867acf3: Layer already exists
b8fbebb53b2d: Layer already exists
ae1f631f14b7: Layer already exists
102645f1cf72: Layer already exists
76c033092e10: Layer already exists
f7183f8d6da6: Layer already exists
496257103876: Layer already exists
bc0a440165a7a362efcfae8a2129e8e237116937: digest: sha256:45a7373c4d662cc632a00a4e947ec0b64e5f8c41cd57ee1ec2d37a8ce93c4cb3 size: 1994
dac2caf822db: Preparing
65c66ca0a9a8: Preparing
f7183f8d6da6: Preparing
496257103876: Preparing
76c033092e10: Preparing
2146d867acf3: Preparing
ae1f631f14b7: Preparing
102645f1cf72: Preparing
dac2caf822db: Layer already exists
2146d867acf3: Waiting
65c66ca0a9a8: Layer already exists
ae1f631f14b7: Waiting
f7183f8d6da6: Layer already exists
496257103876: Layer already exists
76c033092e10: Layer already exists
2146d867acf3: Layer already exists
ae1f631f14b7: Layer already exists
102645f1cf72: Waiting
102645f1cf72: Layer already exists
bd6ee5b0528e3bdd4bff9e0e47efe24b83bd546c: digest: sha256:02acc029de30d9a8a18b34b99a5b90b0cafd30c2e87897cc2fbb9bce63555d02 size: 1994
60c47668638a: Preparing
bfc7526d8ef7: Preparing
f7183f8d6da6: Preparing
496257103876: Preparing
76c033092e10: Preparing
2146d867acf3: Preparing
ae1f631f14b7: Preparing
102645f1cf72: Preparing
ae1f631f14b7: Waiting
76c033092e10: Layer already exists
102645f1cf72: Waiting
f7183f8d6da6: Layer already exists
2146d867acf3: Layer already exists
ae1f631f14b7: Layer already exists
102645f1cf72: Layer already exists
496257103876: Layer already exists
bfc7526d8ef7: Layer already exists
60c47668638a: Layer already exists
c1b3e47eae85f9d14dd4b3ffadb30ea5ab6413bb: digest: sha256:e59645181660446f3cb608f57b332327ce8087192a45645cb6f3f6800a676cc8 size: 1994
cfe6a7719123: Preparing
fa1e74549909: Preparing
f7183f8d6da6: Preparing
496257103876: Preparing
76c033092e10: Preparing
2146d867acf3: Preparing
ae1f631f14b7: Preparing
102645f1cf72: Preparing
fa1e74549909: Layer already exists
f7183f8d6da6: Layer already exists
496257103876: Layer already exists
102645f1cf72: Waiting
76c033092e10: Layer already exists
102645f1cf72: Layer already exists
2146d867acf3: Layer already exists
ae1f631f14b7: Layer already exists
cfe6a7719123: Layer already exists
c44b52633ff07932556fab45d99940693009414e: digest: sha256:da39ace29c29aa0e89c0c7d38c7d4ad69112755b797b4dcd25f24b9c2e70ae64 size: 1994
dac2caf822db: Preparing
65c66ca0a9a8: Preparing
f7183f8d6da6: Preparing
496257103876: Preparing
76c033092e10: Preparing
2146d867acf3: Preparing
ae1f631f14b7: Preparing
102645f1cf72: Preparing
496257103876: Layer already exists
76c033092e10: Layer already exists
2146d867acf3: Waiting
ae1f631f14b7: Waiting
dac2caf822db: Layer already exists
102645f1cf72: Waiting
65c66ca0a9a8: Layer already exists
f7183f8d6da6: Layer already exists
2146d867acf3: Layer already exists
ae1f631f14b7: Layer already exists
102645f1cf72: Layer already exists
c8a154ddeef57aea0221f4a737ae68cd7c23ccc8: digest: sha256:02acc029de30d9a8a18b34b99a5b90b0cafd30c2e87897cc2fbb9bce63555d02 size: 1994
dc5fac862e96: Preparing
ad9c803a7fc4: Preparing
f7183f8d6da6: Preparing
496257103876: Preparing
76c033092e10: Preparing
2146d867acf3: Preparing
ae1f631f14b7: Preparing
102645f1cf72: Preparing
f7183f8d6da6: Layer already exists
ae1f631f14b7: Waiting
102645f1cf72: Waiting
496257103876: Layer already exists
dc5fac862e96: Layer already exists
76c033092e10: Layer already exists
2146d867acf3: Layer already exists
102645f1cf72: Layer already exists
ae1f631f14b7: Layer already exists
ad9c803a7fc4: Layer already exists
c9490534be10b2cc4f261008028c53677c4419c6: digest: sha256:2a0aad7cc948f39b09c73ef173c2f6e39e626b4323358c03872f36f66356c3af size: 1994
cfe6a7719123: Preparing
fa1e74549909: Preparing
f7183f8d6da6: Preparing
496257103876: Preparing
76c033092e10: Preparing
2146d867acf3: Preparing
ae1f631f14b7: Preparing
102645f1cf72: Preparing
ae1f631f14b7: Waiting
76c033092e10: Layer already exists
f7183f8d6da6: Layer already exists
2146d867acf3: Waiting
cfe6a7719123: Layer already exists
102645f1cf72: Waiting
fa1e74549909: Layer already exists
2146d867acf3: Layer already exists
ae1f631f14b7: Layer already exists
102645f1cf72: Layer already exists
496257103876: Layer already exists
cc3327ec55cd1aaf81473465faa774bc611bf9ae: digest: sha256:da39ace29c29aa0e89c0c7d38c7d4ad69112755b797b4dcd25f24b9c2e70ae64 size: 1994
64ddc591760e: Preparing
2d1aeca172f8: Preparing
f7183f8d6da6: Preparing
496257103876: Preparing
76c033092e10: Preparing
2146d867acf3: Preparing
ae1f631f14b7: Preparing
102645f1cf72: Preparing
496257103876: Layer already exists
f7183f8d6da6: Layer already exists
76c033092e10: Layer already exists
ae1f631f14b7: Waiting
102645f1cf72: Waiting
2146d867acf3: Layer already exists
102645f1cf72: Layer already exists
ae1f631f14b7: Layer already exists
64ddc591760e: Layer already exists
2d1aeca172f8: Layer already exists
cc3853650b261cb864dd6b4c2a716a48a4bfe591: digest: sha256:1d52948d93973b02f92489881f14cd62c4b4dac8dd16177989a72ff7d2f21084 size: 1994
4fc61f837258: Preparing
6ede4c9e9265: Preparing
f7183f8d6da6: Preparing
496257103876: Preparing
76c033092e10: Preparing
2146d867acf3: Preparing
ae1f631f14b7: Preparing
102645f1cf72: Preparing
f7183f8d6da6: Layer already exists
496257103876: Layer already exists
76c033092e10: Layer already exists
2146d867acf3: Layer already exists
ae1f631f14b7: Layer already exists
102645f1cf72: Layer already exists
6ede4c9e9265: Pushed
4fc61f837258: Pushed
cc9a8d1250decf3d663d44da53f01569b1818d72: digest: sha256:61c38663204fdf70645c7af642fa41ab3ea3f2d780f3377778e3601716fc5051 size: 1994
02d85ded7627: Preparing
ba5e30a2cd87: Preparing
f7183f8d6da6: Preparing
496257103876: Preparing
76c033092e10: Preparing
2146d867acf3: Preparing
ae1f631f14b7: Preparing
102645f1cf72: Preparing
02d85ded7627: Layer already exists
ba5e30a2cd87: Layer already exists
f7183f8d6da6: Layer already exists
496257103876: Layer already exists
76c033092e10: Layer already exists
2146d867acf3: Waiting
ae1f631f14b7: Waiting
102645f1cf72: Waiting
2146d867acf3: Layer already exists
ae1f631f14b7: Layer already exists
102645f1cf72: Layer already exists
d18cf20a3d195be54eef146e6e19d55c593eb722: digest: sha256:5e895d57725d32bd2937f2091df283b09a7a5b952c798855ddc3bd2fb479146d size: 1994
dac2caf822db: Preparing
65c66ca0a9a8: Preparing
f7183f8d6da6: Preparing
496257103876: Preparing
76c033092e10: Preparing
2146d867acf3: Preparing
ae1f631f14b7: Preparing
102645f1cf72: Preparing
dac2caf822db: Layer already exists
65c66ca0a9a8: Layer already exists
76c033092e10: Layer already exists
f7183f8d6da6: Layer already exists
496257103876: Layer already exists
ae1f631f14b7: Layer already exists
102645f1cf72: Layer already exists
2146d867acf3: Layer already exists
d1ea5a1213aaa76b95cf149bb7eb85de3b47f252: digest: sha256:02acc029de30d9a8a18b34b99a5b90b0cafd30c2e87897cc2fbb9bce63555d02 size: 1994
cfe6a7719123: Preparing
fa1e74549909: Preparing
f7183f8d6da6: Preparing
496257103876: Preparing
76c033092e10: Preparing
2146d867acf3: Preparing
ae1f631f14b7: Preparing
102645f1cf72: Preparing
496257103876: Layer already exists
cfe6a7719123: Layer already exists
fa1e74549909: Layer already exists
f7183f8d6da6: Layer already exists
2146d867acf3: Layer already exists
ae1f631f14b7: Waiting
ae1f631f14b7: Layer already exists
102645f1cf72: Layer already exists
76c033092e10: Layer already exists
e151595720edcd9c38accc44fd8d02a5b79a14b3: digest: sha256:da39ace29c29aa0e89c0c7d38c7d4ad69112755b797b4dcd25f24b9c2e70ae64 size: 1994
cfe6a7719123: Preparing
fa1e74549909: Preparing
f7183f8d6da6: Preparing
496257103876: Preparing
76c033092e10: Preparing
2146d867acf3: Preparing
ae1f631f14b7: Preparing
102645f1cf72: Preparing
cfe6a7719123: Layer already exists
fa1e74549909: Layer already exists
f7183f8d6da6: Layer already exists
102645f1cf72: Waiting
496257103876: Layer already exists
2146d867acf3: Layer already exists
ae1f631f14b7: Layer already exists
76c033092e10: Layer already exists
102645f1cf72: Layer already exists
section_end:1542041751:build_script[0Ksection_start:1542041751:after_script[0Ksection_end:1542041751:after_script[0Ksection_start:1542041751:upload_artifacts_on_failure[0Ksection_end:1542041751:upload_artifacts_on_failure[0K[31;1mERROR: Job failed (system failure): aborted: terminated
[0;m